
[0m Security Check 2019年 10月 14日 星期一 22:38:48 EDT

[0m 
[1;34m[INFO][0m 1  敏感词、敏感文件
[0m 
[1;34m[INFO][0m 1.1  明文存储
[1;31m[WARN][0m /usr/share/responder/certs/responder.key not encrypted!
[1;31m[WARN][0m /usr/share/metasploit-framework/vendor/bundle/ruby/2.5.0/gems/eventmachine-1.2.7/tests/client.key not encrypted!
[1;31m[WARN][0m /usr/share/doc/python3-h2/examples/twisted/server.key not encrypted!
[1;31m[WARN][0m /usr/share/doc/python3-h2/examples/asyncio/cert.key not encrypted!
[1;31m[WARN][0m /usr/share/doc/python3-h2/examples/eventlet/server.key not encrypted!
[1;31m[WARN][0m /usr/share/doc/python3-h2/examples/curio/localhost.key not encrypted!
[1;31m[WARN][0m /usr/share/doc/python3-h2/examples/tornado/server.key not encrypted!
[1;31m[WARN][0m /opt/node/lib/node_modules/pm2/node_modules/@pm2/agent/node_modules/proxy-agent/test/ssl-cert-snakeoil.key not encrypted!
[1;31m[WARN][0m /opt/node/lib/node_modules/pm2/node_modules/@pm2/agent/node_modules/proxy-agent/node_modules/http-proxy-agent/test/ssl-cert-snakeoil.key not encrypted!
[1;31m[WARN][0m /opt/node/lib/node_modules/pm2/node_modules/@pm2/agent/node_modules/proxy-agent/node_modules/pac-proxy-agent/test/ssl-cert-snakeoil.key not encrypted!
[1;31m[WARN][0m /opt/node/lib/node_modules/pm2/node_modules/@pm2/agent/node_modules/proxy-agent/node_modules/pac-proxy-agent/node_modules/get-uri/test/server.key not encrypted!
[1;31m[WARN][0m /opt/node/lib/node_modules/pm2/node_modules/@pm2/agent/node_modules/proxy-agent/node_modules/https-proxy-agent/test/ssl-cert-snakeoil.key not encrypted!
[1;31m[WARN][0m /opt/node/lib/node_modules/pm2/node_modules/@pm2/agent/node_modules/proxy-agent/node_modules/socks-proxy-agent/test/ssl-cert-snakeoil.key not encrypted!
[1;31m[WARN][0m /opt/node/lib/node_modules/pm2/node_modules/@pm2/agent/node_modules/proxy-agent/node_modules/socks-proxy-agent/node_modules/agent-base/test/ssl-cert-snakeoil.key not encrypted!
[1;31m[WARN][0m /opt/node/lib/node_modules/pm2/node_modules/@pm2/agent/node_modules/proxy-agent/node_modules/agent-base/test/ssl-cert-snakeoil.key not encrypted!
[1;31m[WARN][0m /opt/node/lib/node_modules/pm2/node_modules/@pm2/io/node_modules/@pm2/agent-node/node_modules/proxy-agent/test/ssl-cert-snakeoil.key not encrypted!
[1;31m[WARN][0m /opt/node/lib/node_modules/pm2/node_modules/@pm2/io/node_modules/@pm2/agent-node/node_modules/proxy-agent/node_modules/http-proxy-agent/test/ssl-cert-snakeoil.key not encrypted!
[1;31m[WARN][0m /opt/node/lib/node_modules/pm2/node_modules/@pm2/io/node_modules/@pm2/agent-node/node_modules/proxy-agent/node_modules/pac-proxy-agent/test/ssl-cert-snakeoil.key not encrypted!
[1;31m[WARN][0m /opt/node/lib/node_modules/pm2/node_modules/@pm2/io/node_modules/@pm2/agent-node/node_modules/proxy-agent/node_modules/pac-proxy-agent/node_modules/get-uri/test/server.key not encrypted!
[1;31m[WARN][0m /opt/node/lib/node_modules/pm2/node_modules/@pm2/io/node_modules/@pm2/agent-node/node_modules/proxy-agent/node_modules/https-proxy-agent/test/ssl-cert-snakeoil.key not encrypted!
[1;31m[WARN][0m /opt/node/lib/node_modules/pm2/node_modules/@pm2/io/node_modules/@pm2/agent-node/node_modules/proxy-agent/node_modules/socks-proxy-agent/test/ssl-cert-snakeoil.key not encrypted!
[1;31m[WARN][0m /opt/node/lib/node_modules/pm2/node_modules/@pm2/io/node_modules/@pm2/agent-node/node_modules/proxy-agent/node_modules/socks-proxy-agent/node_modules/agent-base/test/ssl-cert-snakeoil.key not encrypted!
[1;31m[WARN][0m /opt/node/lib/node_modules/pm2/node_modules/@pm2/io/node_modules/@pm2/agent-node/node_modules/proxy-agent/node_modules/agent-base/test/ssl-cert-snakeoil.key not encrypted!
[1;31m[WARN][0m /root/Downloads/webssh-master/tests/data/test_rsa.key not encrypted!
[1;31m[WARN][0m /root/Downloads/webssh-master/tests/data/test_rsa.log not encrypted!
[0m 
[1;34m[INFO][0m 1.2  /etc/shadow 是否存在MD5|SHA256
[1;31m[WARN][0m file exists MD5|SHA256 /usr/share/os-prober/common.sh:
[1;31m[WARN][0m file exists MD5|SHA256 ls
[1;31m[WARN][0m file exists MD5|SHA256 -1
[1;31m[WARN][0m file exists MD5|SHA256 "$2"
[1;31m[WARN][0m file exists MD5|SHA256 |
[1;31m[WARN][0m file exists MD5|SHA256 grep
[1;31m[WARN][0m file exists MD5|SHA256 $q
[1;31m[WARN][0m file exists MD5|SHA256 -i
[1;31m[WARN][0m file exists MD5|SHA256 "^$1$"
[1;31m[WARN][0m file exists MD5|SHA256 /usr/share/exploitdb/exploits/cgi/remote/20465.sh:lynx
[1;31m[WARN][0m file exists MD5|SHA256 -dump
[1;31m[WARN][0m file exists MD5|SHA256 http://$1$ONE$2$TWO$PORT$THREE
[1;31m[WARN][0m file exists MD5|SHA256 >
[1;31m[WARN][0m file exists MD5|SHA256 from_$1_to_$2/$PORT.log
[1;31m[WARN][0m file exists MD5|SHA256 2>&1
[1;31m[WARN][0m file exists MD5|SHA256 /usr/share/exploitdb/exploits/hardware/remote/40734.sh:#
[1;31m[WARN][0m file exists MD5|SHA256 #root:$1$BOYmzSKq$ePjEPSpkQGeBcZjlEeLqI.:13796:0:99999:7:::
[1;31m[WARN][0m file exists MD5|SHA256 /usr/share/exploitdb/exploits/hardware/remote/40734.sh:#
[1;31m[WARN][0m file exists MD5|SHA256 root:$1$BOYmzSKq$ePjEPSpkQGeBcZjlEeLqI.:13796:0:99999:7:::
[1;31m[WARN][0m file exists MD5|SHA256 /usr/share/exploitdb/exploits/hardware/remote/40734.sh:#
[1;31m[WARN][0m file exists MD5|SHA256 #tw:$1$zxEm2v6Q$qEbPfojsrrE/YkzqRm7qV/:13796:0:99999:7:::
[1;31m[WARN][0m file exists MD5|SHA256 /usr/share/exploitdb/exploits/hardware/remote/40738.sh:#
[1;31m[WARN][0m file exists MD5|SHA256 #root:$1$BOYmzSKq$ePjEPSpkQGeBcZjlEeLqI.:13796:0:99999:7:::
[1;31m[WARN][0m file exists MD5|SHA256 /usr/share/exploitdb/exploits/hardware/remote/40738.sh:#
[1;31m[WARN][0m file exists MD5|SHA256 root:$1$BOYmzSKq$ePjEPSpkQGeBcZjlEeLqI.:13796:0:99999:7:::
[1;31m[WARN][0m file exists MD5|SHA256 /usr/share/exploitdb/exploits/hardware/remote/40738.sh:#
[1;31m[WARN][0m file exists MD5|SHA256 #tw:$1$zxEm2v6Q$qEbPfojsrrE/YkzqRm7qV/:13796:0:99999:7:::
[1;31m[WARN][0m file exists MD5|SHA256 /usr/share/exploitdb/exploits/hardware/remote/40737.sh:#
[1;31m[WARN][0m file exists MD5|SHA256 #root:$1$BOYmzSKq$ePjEPSpkQGeBcZjlEeLqI.:13796:0:99999:7:::
[1;31m[WARN][0m file exists MD5|SHA256 /usr/share/exploitdb/exploits/hardware/remote/40737.sh:#
[1;31m[WARN][0m file exists MD5|SHA256 root:$1$BOYmzSKq$ePjEPSpkQGeBcZjlEeLqI.:13796:0:99999:7:::
[1;31m[WARN][0m file exists MD5|SHA256 /usr/share/exploitdb/exploits/hardware/remote/40737.sh:#
[1;31m[WARN][0m file exists MD5|SHA256 #tw:$1$zxEm2v6Q$qEbPfojsrrE/YkzqRm7qV/:13796:0:99999:7:::
[1;31m[WARN][0m file exists MD5|SHA256 /usr/share/exploitdb/exploits/multiple/remote/22251.sh:
[1;31m[WARN][0m file exists MD5|SHA256 $_PRINTCMD
[1;31m[WARN][0m file exists MD5|SHA256 $1$_SYSV
[1;31m[WARN][0m file exists MD5|SHA256 /usr/share/exploitdb/exploits/linux/local/14339.sh:S='toor:$6$tPuRrLW7$m0BvNoYS9FEF9/Lzv6PQospujOKt0giv.7JNGrCbWC1XdhmlbnTWLKyzHz.VZwCcEcYQU5q2DLX.cI7NQtsNz1:14798:0:99999:7:::'
[1;31m[WARN][0m file exists MD5|SHA256 /usr/lib/dradis/ruby/2.5.0/gems/nokogumbo-2.0.1/ext/nokogumbo/tmp/x86_64-pc-linux-gnu/ports/libxml2/2.9.9/libxml2-2.9.9/ltmain.sh:
[1;31m[WARN][0m file exists MD5|SHA256 $GREP
[1;31m[WARN][0m file exists MD5|SHA256 "$magic_exe"
[1;31m[WARN][0m file exists MD5|SHA256 "$1$func_ltwrapper_exec_suffix"
[1;31m[WARN][0m file exists MD5|SHA256 >/dev/null
[1;31m[WARN][0m file exists MD5|SHA256 2>&1
[1;31m[WARN][0m file exists MD5|SHA256 /usr/lib/dradis/ruby/2.5.0/gems/ffi-1.11.1/ext/ffi_c/libffi/ltmain.sh:
[1;31m[WARN][0m file exists MD5|SHA256 $GREP
[1;31m[WARN][0m file exists MD5|SHA256 "$magic_exe"
[1;31m[WARN][0m file exists MD5|SHA256 "$1$func_ltwrapper_exec_suffix"
[1;31m[WARN][0m file exists MD5|SHA256 >/dev/null
[1;31m[WARN][0m file exists MD5|SHA256 2>&1
[1;31m[WARN][0m file exists MD5|SHA256 /var/lib/docker/aufs/diff/f4dc2283743ce90204c2f141e24abd66f959026f14fa55b72d711ae57d907981/usr/lib/dracut/modules.d/40network/net-lib.sh:
[1;31m[WARN][0m file exists MD5|SHA256 if
[1;31m[WARN][0m file exists MD5|SHA256 [
[1;31m[WARN][0m file exists MD5|SHA256 $#
[1;31m[WARN][0m file exists MD5|SHA256 -gt
[1;31m[WARN][0m file exists MD5|SHA256 3
[1;31m[WARN][0m file exists MD5|SHA256 ]
[1;31m[WARN][0m file exists MD5|SHA256 &&
[1;31m[WARN][0m file exists MD5|SHA256 [
[1;31m[WARN][0m file exists MD5|SHA256 -n
[1;31m[WARN][0m file exists MD5|SHA256 "$1$2"
[1;31m[WARN][0m file exists MD5|SHA256 ];
[1;31m[WARN][0m file exists MD5|SHA256 then
[1;31m[WARN][0m file exists MD5|SHA256 /opt/docker/docker-bench-security-master/output_lib.sh:
[1;31m[WARN][0m file exists MD5|SHA256 printf
[1;31m[WARN][0m file exists MD5|SHA256 "%b
"
[1;31m[WARN][0m file exists MD5|SHA256 "${bldylw}$1${txtrst}
"
[0m 
[1;34m[INFO][0m 1.3  是否存在敏感密码
[0m 
[1;34m[INFO][0m 2  主机端口、配置
[0m 
[1;34m[INFO][0m Total Checks:3
[1;34m[INFO][0m Warn Checks:92
[1;34m[INFO][0m Pass Checks:0
[0m Security Check 2019年 10月 14日 星期一 22:40:28 EDT

[0m 
[1;34m[INFO][0m 1  敏感词、敏感文件
[0m 
[1;34m[INFO][0m 1.1  明文存储
[1;31m[WARN][0m /usr/share/responder/certs/responder.key not encrypted!
[1;31m[WARN][0m /usr/share/metasploit-framework/vendor/bundle/ruby/2.5.0/gems/eventmachine-1.2.7/tests/client.key not encrypted!
[1;31m[WARN][0m /usr/share/doc/python3-h2/examples/twisted/server.key not encrypted!
[1;31m[WARN][0m /usr/share/doc/python3-h2/examples/asyncio/cert.key not encrypted!
[1;31m[WARN][0m /usr/share/doc/python3-h2/examples/eventlet/server.key not encrypted!
[1;31m[WARN][0m /usr/share/doc/python3-h2/examples/curio/localhost.key not encrypted!
[1;31m[WARN][0m /usr/share/doc/python3-h2/examples/tornado/server.key not encrypted!
[1;31m[WARN][0m /opt/node/lib/node_modules/pm2/node_modules/@pm2/agent/node_modules/proxy-agent/test/ssl-cert-snakeoil.key not encrypted!
[1;31m[WARN][0m /opt/node/lib/node_modules/pm2/node_modules/@pm2/agent/node_modules/proxy-agent/node_modules/http-proxy-agent/test/ssl-cert-snakeoil.key not encrypted!
[1;31m[WARN][0m /opt/node/lib/node_modules/pm2/node_modules/@pm2/agent/node_modules/proxy-agent/node_modules/pac-proxy-agent/test/ssl-cert-snakeoil.key not encrypted!
[1;31m[WARN][0m /opt/node/lib/node_modules/pm2/node_modules/@pm2/agent/node_modules/proxy-agent/node_modules/pac-proxy-agent/node_modules/get-uri/test/server.key not encrypted!
[1;31m[WARN][0m /opt/node/lib/node_modules/pm2/node_modules/@pm2/agent/node_modules/proxy-agent/node_modules/https-proxy-agent/test/ssl-cert-snakeoil.key not encrypted!
[1;31m[WARN][0m /opt/node/lib/node_modules/pm2/node_modules/@pm2/agent/node_modules/proxy-agent/node_modules/socks-proxy-agent/test/ssl-cert-snakeoil.key not encrypted!
[1;31m[WARN][0m /opt/node/lib/node_modules/pm2/node_modules/@pm2/agent/node_modules/proxy-agent/node_modules/socks-proxy-agent/node_modules/agent-base/test/ssl-cert-snakeoil.key not encrypted!
[1;31m[WARN][0m /opt/node/lib/node_modules/pm2/node_modules/@pm2/agent/node_modules/proxy-agent/node_modules/agent-base/test/ssl-cert-snakeoil.key not encrypted!
[1;31m[WARN][0m /opt/node/lib/node_modules/pm2/node_modules/@pm2/io/node_modules/@pm2/agent-node/node_modules/proxy-agent/test/ssl-cert-snakeoil.key not encrypted!
[1;31m[WARN][0m /opt/node/lib/node_modules/pm2/node_modules/@pm2/io/node_modules/@pm2/agent-node/node_modules/proxy-agent/node_modules/http-proxy-agent/test/ssl-cert-snakeoil.key not encrypted!
[1;31m[WARN][0m /opt/node/lib/node_modules/pm2/node_modules/@pm2/io/node_modules/@pm2/agent-node/node_modules/proxy-agent/node_modules/pac-proxy-agent/test/ssl-cert-snakeoil.key not encrypted!
[1;31m[WARN][0m /opt/node/lib/node_modules/pm2/node_modules/@pm2/io/node_modules/@pm2/agent-node/node_modules/proxy-agent/node_modules/pac-proxy-agent/node_modules/get-uri/test/server.key not encrypted!
[1;31m[WARN][0m /opt/node/lib/node_modules/pm2/node_modules/@pm2/io/node_modules/@pm2/agent-node/node_modules/proxy-agent/node_modules/https-proxy-agent/test/ssl-cert-snakeoil.key not encrypted!
[1;31m[WARN][0m /opt/node/lib/node_modules/pm2/node_modules/@pm2/io/node_modules/@pm2/agent-node/node_modules/proxy-agent/node_modules/socks-proxy-agent/test/ssl-cert-snakeoil.key not encrypted!
[1;31m[WARN][0m /opt/node/lib/node_modules/pm2/node_modules/@pm2/io/node_modules/@pm2/agent-node/node_modules/proxy-agent/node_modules/socks-proxy-agent/node_modules/agent-base/test/ssl-cert-snakeoil.key not encrypted!
[1;31m[WARN][0m /opt/node/lib/node_modules/pm2/node_modules/@pm2/io/node_modules/@pm2/agent-node/node_modules/proxy-agent/node_modules/agent-base/test/ssl-cert-snakeoil.key not encrypted!
[1;31m[WARN][0m /root/Downloads/webssh-master/tests/data/test_rsa.key not encrypted!
[1;31m[WARN][0m /root/Downloads/webssh-master/tests/data/test_rsa.log not encrypted!
[0m 
[1;34m[INFO][0m 1.2  /etc/shadow 是否存在MD5|SHA256
[1;31m[WARN][0m file exists MD5|SHA256 /usr/share/os-prober/common.sh:
[1;31m[WARN][0m file exists MD5|SHA256 ls
[1;31m[WARN][0m file exists MD5|SHA256 -1
[1;31m[WARN][0m file exists MD5|SHA256 "$2"
[1;31m[WARN][0m file exists MD5|SHA256 |
[1;31m[WARN][0m file exists MD5|SHA256 grep
[1;31m[WARN][0m file exists MD5|SHA256 $q
[1;31m[WARN][0m file exists MD5|SHA256 -i
[1;31m[WARN][0m file exists MD5|SHA256 "^$1$"
[1;31m[WARN][0m file exists MD5|SHA256 /usr/share/exploitdb/exploits/cgi/remote/20465.sh:lynx
[1;31m[WARN][0m file exists MD5|SHA256 -dump
[1;31m[WARN][0m file exists MD5|SHA256 http://$1$ONE$2$TWO$PORT$THREE
[1;31m[WARN][0m file exists MD5|SHA256 >
[1;31m[WARN][0m file exists MD5|SHA256 from_$1_to_$2/$PORT.log
[1;31m[WARN][0m file exists MD5|SHA256 2>&1
[1;31m[WARN][0m file exists MD5|SHA256 /usr/share/exploitdb/exploits/hardware/remote/40734.sh:#
[1;31m[WARN][0m file exists MD5|SHA256 #root:$1$BOYmzSKq$ePjEPSpkQGeBcZjlEeLqI.:13796:0:99999:7:::
[1;31m[WARN][0m file exists MD5|SHA256 /usr/share/exploitdb/exploits/hardware/remote/40734.sh:#
[1;31m[WARN][0m file exists MD5|SHA256 root:$1$BOYmzSKq$ePjEPSpkQGeBcZjlEeLqI.:13796:0:99999:7:::
[1;31m[WARN][0m file exists MD5|SHA256 /usr/share/exploitdb/exploits/hardware/remote/40734.sh:#
[1;31m[WARN][0m file exists MD5|SHA256 #tw:$1$zxEm2v6Q$qEbPfojsrrE/YkzqRm7qV/:13796:0:99999:7:::
[1;31m[WARN][0m file exists MD5|SHA256 /usr/share/exploitdb/exploits/hardware/remote/40738.sh:#
[1;31m[WARN][0m file exists MD5|SHA256 #root:$1$BOYmzSKq$ePjEPSpkQGeBcZjlEeLqI.:13796:0:99999:7:::
[1;31m[WARN][0m file exists MD5|SHA256 /usr/share/exploitdb/exploits/hardware/remote/40738.sh:#
[1;31m[WARN][0m file exists MD5|SHA256 root:$1$BOYmzSKq$ePjEPSpkQGeBcZjlEeLqI.:13796:0:99999:7:::
[1;31m[WARN][0m file exists MD5|SHA256 /usr/share/exploitdb/exploits/hardware/remote/40738.sh:#
[1;31m[WARN][0m file exists MD5|SHA256 #tw:$1$zxEm2v6Q$qEbPfojsrrE/YkzqRm7qV/:13796:0:99999:7:::
[1;31m[WARN][0m file exists MD5|SHA256 /usr/share/exploitdb/exploits/hardware/remote/40737.sh:#
[1;31m[WARN][0m file exists MD5|SHA256 #root:$1$BOYmzSKq$ePjEPSpkQGeBcZjlEeLqI.:13796:0:99999:7:::
[1;31m[WARN][0m file exists MD5|SHA256 /usr/share/exploitdb/exploits/hardware/remote/40737.sh:#
[1;31m[WARN][0m file exists MD5|SHA256 root:$1$BOYmzSKq$ePjEPSpkQGeBcZjlEeLqI.:13796:0:99999:7:::
[1;31m[WARN][0m file exists MD5|SHA256 /usr/share/exploitdb/exploits/hardware/remote/40737.sh:#
[1;31m[WARN][0m file exists MD5|SHA256 #tw:$1$zxEm2v6Q$qEbPfojsrrE/YkzqRm7qV/:13796:0:99999:7:::
[1;31m[WARN][0m file exists MD5|SHA256 /usr/share/exploitdb/exploits/multiple/remote/22251.sh:
[1;31m[WARN][0m file exists MD5|SHA256 $_PRINTCMD
[1;31m[WARN][0m file exists MD5|SHA256 $1$_SYSV
[1;31m[WARN][0m file exists MD5|SHA256 /usr/share/exploitdb/exploits/linux/local/14339.sh:S='toor:$6$tPuRrLW7$m0BvNoYS9FEF9/Lzv6PQospujOKt0giv.7JNGrCbWC1XdhmlbnTWLKyzHz.VZwCcEcYQU5q2DLX.cI7NQtsNz1:14798:0:99999:7:::'
[1;31m[WARN][0m file exists MD5|SHA256 /usr/lib/dradis/ruby/2.5.0/gems/nokogumbo-2.0.1/ext/nokogumbo/tmp/x86_64-pc-linux-gnu/ports/libxml2/2.9.9/libxml2-2.9.9/ltmain.sh:
[1;31m[WARN][0m file exists MD5|SHA256 $GREP
[1;31m[WARN][0m file exists MD5|SHA256 "$magic_exe"
[1;31m[WARN][0m file exists MD5|SHA256 "$1$func_ltwrapper_exec_suffix"
[1;31m[WARN][0m file exists MD5|SHA256 >/dev/null
[1;31m[WARN][0m file exists MD5|SHA256 2>&1
[1;31m[WARN][0m file exists MD5|SHA256 /usr/lib/dradis/ruby/2.5.0/gems/ffi-1.11.1/ext/ffi_c/libffi/ltmain.sh:
[1;31m[WARN][0m file exists MD5|SHA256 $GREP
[1;31m[WARN][0m file exists MD5|SHA256 "$magic_exe"
[1;31m[WARN][0m file exists MD5|SHA256 "$1$func_ltwrapper_exec_suffix"
[1;31m[WARN][0m file exists MD5|SHA256 >/dev/null
[1;31m[WARN][0m file exists MD5|SHA256 2>&1
[1;31m[WARN][0m file exists MD5|SHA256 /var/lib/docker/aufs/diff/f4dc2283743ce90204c2f141e24abd66f959026f14fa55b72d711ae57d907981/usr/lib/dracut/modules.d/40network/net-lib.sh:
[1;31m[WARN][0m file exists MD5|SHA256 if
[1;31m[WARN][0m file exists MD5|SHA256 [
[1;31m[WARN][0m file exists MD5|SHA256 $#
[1;31m[WARN][0m file exists MD5|SHA256 -gt
[1;31m[WARN][0m file exists MD5|SHA256 3
[1;31m[WARN][0m file exists MD5|SHA256 ]
[1;31m[WARN][0m file exists MD5|SHA256 &&
[1;31m[WARN][0m file exists MD5|SHA256 [
[1;31m[WARN][0m file exists MD5|SHA256 -n
[1;31m[WARN][0m file exists MD5|SHA256 "$1$2"
[1;31m[WARN][0m file exists MD5|SHA256 ];
[1;31m[WARN][0m file exists MD5|SHA256 then
[1;31m[WARN][0m file exists MD5|SHA256 /opt/docker/docker-bench-security-master/output_lib.sh:
[1;31m[WARN][0m file exists MD5|SHA256 printf
[1;31m[WARN][0m file exists MD5|SHA256 "%b
"
[1;31m[WARN][0m file exists MD5|SHA256 "${bldylw}$1${txtrst}
"
[0m 
[1;34m[INFO][0m 1.3  是否存在敏感密码
[0m 
[1;34m[INFO][0m 2  主机端口、配置
[0m 
[1;34m[INFO][0m Total Checks:3
[1;34m[INFO][0m Warn Checks:92
[1;34m[INFO][0m Pass Checks:0
[0m Security Check 2019年 10月 14日 星期一 22:44:54 EDT

[0m 
[1;34m[INFO][0m 1  敏感词、敏感文件
[0m 
[1;34m[INFO][0m 1.1  明文存储
[1;31m[WARN][0m /usr/share/responder/certs/responder.key not encrypted!
[1;31m[WARN][0m /usr/share/metasploit-framework/vendor/bundle/ruby/2.5.0/gems/eventmachine-1.2.7/tests/client.key not encrypted!
[1;31m[WARN][0m /usr/share/doc/python3-h2/examples/twisted/server.key not encrypted!
[1;31m[WARN][0m /usr/share/doc/python3-h2/examples/asyncio/cert.key not encrypted!
[1;31m[WARN][0m /usr/share/doc/python3-h2/examples/eventlet/server.key not encrypted!
[1;31m[WARN][0m /usr/share/doc/python3-h2/examples/curio/localhost.key not encrypted!
[1;31m[WARN][0m /usr/share/doc/python3-h2/examples/tornado/server.key not encrypted!
[1;31m[WARN][0m /opt/node/lib/node_modules/pm2/node_modules/@pm2/agent/node_modules/proxy-agent/test/ssl-cert-snakeoil.key not encrypted!
[1;31m[WARN][0m /opt/node/lib/node_modules/pm2/node_modules/@pm2/agent/node_modules/proxy-agent/node_modules/http-proxy-agent/test/ssl-cert-snakeoil.key not encrypted!
[1;31m[WARN][0m /opt/node/lib/node_modules/pm2/node_modules/@pm2/agent/node_modules/proxy-agent/node_modules/pac-proxy-agent/test/ssl-cert-snakeoil.key not encrypted!
[1;31m[WARN][0m /opt/node/lib/node_modules/pm2/node_modules/@pm2/agent/node_modules/proxy-agent/node_modules/pac-proxy-agent/node_modules/get-uri/test/server.key not encrypted!
[1;31m[WARN][0m /opt/node/lib/node_modules/pm2/node_modules/@pm2/agent/node_modules/proxy-agent/node_modules/https-proxy-agent/test/ssl-cert-snakeoil.key not encrypted!
[1;31m[WARN][0m /opt/node/lib/node_modules/pm2/node_modules/@pm2/agent/node_modules/proxy-agent/node_modules/socks-proxy-agent/test/ssl-cert-snakeoil.key not encrypted!
[1;31m[WARN][0m /opt/node/lib/node_modules/pm2/node_modules/@pm2/agent/node_modules/proxy-agent/node_modules/socks-proxy-agent/node_modules/agent-base/test/ssl-cert-snakeoil.key not encrypted!
[1;31m[WARN][0m /opt/node/lib/node_modules/pm2/node_modules/@pm2/agent/node_modules/proxy-agent/node_modules/agent-base/test/ssl-cert-snakeoil.key not encrypted!
[1;31m[WARN][0m /opt/node/lib/node_modules/pm2/node_modules/@pm2/io/node_modules/@pm2/agent-node/node_modules/proxy-agent/test/ssl-cert-snakeoil.key not encrypted!
[1;31m[WARN][0m /opt/node/lib/node_modules/pm2/node_modules/@pm2/io/node_modules/@pm2/agent-node/node_modules/proxy-agent/node_modules/http-proxy-agent/test/ssl-cert-snakeoil.key not encrypted!
[1;31m[WARN][0m /opt/node/lib/node_modules/pm2/node_modules/@pm2/io/node_modules/@pm2/agent-node/node_modules/proxy-agent/node_modules/pac-proxy-agent/test/ssl-cert-snakeoil.key not encrypted!
[1;31m[WARN][0m /opt/node/lib/node_modules/pm2/node_modules/@pm2/io/node_modules/@pm2/agent-node/node_modules/proxy-agent/node_modules/pac-proxy-agent/node_modules/get-uri/test/server.key not encrypted!
[1;31m[WARN][0m /opt/node/lib/node_modules/pm2/node_modules/@pm2/io/node_modules/@pm2/agent-node/node_modules/proxy-agent/node_modules/https-proxy-agent/test/ssl-cert-snakeoil.key not encrypted!
[1;31m[WARN][0m /opt/node/lib/node_modules/pm2/node_modules/@pm2/io/node_modules/@pm2/agent-node/node_modules/proxy-agent/node_modules/socks-proxy-agent/test/ssl-cert-snakeoil.key not encrypted!
[1;31m[WARN][0m /opt/node/lib/node_modules/pm2/node_modules/@pm2/io/node_modules/@pm2/agent-node/node_modules/proxy-agent/node_modules/socks-proxy-agent/node_modules/agent-base/test/ssl-cert-snakeoil.key not encrypted!
[1;31m[WARN][0m /opt/node/lib/node_modules/pm2/node_modules/@pm2/io/node_modules/@pm2/agent-node/node_modules/proxy-agent/node_modules/agent-base/test/ssl-cert-snakeoil.key not encrypted!
[1;31m[WARN][0m /root/Downloads/webssh-master/tests/data/test_rsa.key not encrypted!
[1;31m[WARN][0m /root/Downloads/webssh-master/tests/data/test_rsa.log not encrypted!
[0m 
[1;34m[INFO][0m 1.2  /etc/shadow 是否存在MD5|SHA256
[1;31m[WARN][0m file exists MD5|SHA256 /usr/share/os-prober/common.sh:
[1;31m[WARN][0m file exists MD5|SHA256 ls
[1;31m[WARN][0m file exists MD5|SHA256 -1
[1;31m[WARN][0m file exists MD5|SHA256 "$2"
[1;31m[WARN][0m file exists MD5|SHA256 |
[1;31m[WARN][0m file exists MD5|SHA256 grep
[1;31m[WARN][0m file exists MD5|SHA256 $q
[1;31m[WARN][0m file exists MD5|SHA256 -i
[1;31m[WARN][0m file exists MD5|SHA256 "^$1$"
[1;31m[WARN][0m file exists MD5|SHA256 /usr/share/exploitdb/exploits/cgi/remote/20465.sh:lynx
[1;31m[WARN][0m file exists MD5|SHA256 -dump
[1;31m[WARN][0m file exists MD5|SHA256 http://$1$ONE$2$TWO$PORT$THREE
[1;31m[WARN][0m file exists MD5|SHA256 >
[1;31m[WARN][0m file exists MD5|SHA256 from_$1_to_$2/$PORT.log
[1;31m[WARN][0m file exists MD5|SHA256 2>&1
[1;31m[WARN][0m file exists MD5|SHA256 /usr/share/exploitdb/exploits/hardware/remote/40734.sh:#
[1;31m[WARN][0m file exists MD5|SHA256 #root:$1$BOYmzSKq$ePjEPSpkQGeBcZjlEeLqI.:13796:0:99999:7:::
[1;31m[WARN][0m file exists MD5|SHA256 /usr/share/exploitdb/exploits/hardware/remote/40734.sh:#
[1;31m[WARN][0m file exists MD5|SHA256 root:$1$BOYmzSKq$ePjEPSpkQGeBcZjlEeLqI.:13796:0:99999:7:::
[1;31m[WARN][0m file exists MD5|SHA256 /usr/share/exploitdb/exploits/hardware/remote/40734.sh:#
[1;31m[WARN][0m file exists MD5|SHA256 #tw:$1$zxEm2v6Q$qEbPfojsrrE/YkzqRm7qV/:13796:0:99999:7:::
[1;31m[WARN][0m file exists MD5|SHA256 /usr/share/exploitdb/exploits/hardware/remote/40738.sh:#
[1;31m[WARN][0m file exists MD5|SHA256 #root:$1$BOYmzSKq$ePjEPSpkQGeBcZjlEeLqI.:13796:0:99999:7:::
[1;31m[WARN][0m file exists MD5|SHA256 /usr/share/exploitdb/exploits/hardware/remote/40738.sh:#
[1;31m[WARN][0m file exists MD5|SHA256 root:$1$BOYmzSKq$ePjEPSpkQGeBcZjlEeLqI.:13796:0:99999:7:::
[1;31m[WARN][0m file exists MD5|SHA256 /usr/share/exploitdb/exploits/hardware/remote/40738.sh:#
[1;31m[WARN][0m file exists MD5|SHA256 #tw:$1$zxEm2v6Q$qEbPfojsrrE/YkzqRm7qV/:13796:0:99999:7:::
[1;31m[WARN][0m file exists MD5|SHA256 /usr/share/exploitdb/exploits/hardware/remote/40737.sh:#
[1;31m[WARN][0m file exists MD5|SHA256 #root:$1$BOYmzSKq$ePjEPSpkQGeBcZjlEeLqI.:13796:0:99999:7:::
[1;31m[WARN][0m file exists MD5|SHA256 /usr/share/exploitdb/exploits/hardware/remote/40737.sh:#
[1;31m[WARN][0m file exists MD5|SHA256 root:$1$BOYmzSKq$ePjEPSpkQGeBcZjlEeLqI.:13796:0:99999:7:::
[1;31m[WARN][0m file exists MD5|SHA256 /usr/share/exploitdb/exploits/hardware/remote/40737.sh:#
[1;31m[WARN][0m file exists MD5|SHA256 #tw:$1$zxEm2v6Q$qEbPfojsrrE/YkzqRm7qV/:13796:0:99999:7:::
[1;31m[WARN][0m file exists MD5|SHA256 /usr/share/exploitdb/exploits/multiple/remote/22251.sh:
[1;31m[WARN][0m file exists MD5|SHA256 $_PRINTCMD
[1;31m[WARN][0m file exists MD5|SHA256 $1$_SYSV
[1;31m[WARN][0m file exists MD5|SHA256 /usr/share/exploitdb/exploits/linux/local/14339.sh:S='toor:$6$tPuRrLW7$m0BvNoYS9FEF9/Lzv6PQospujOKt0giv.7JNGrCbWC1XdhmlbnTWLKyzHz.VZwCcEcYQU5q2DLX.cI7NQtsNz1:14798:0:99999:7:::'
[1;31m[WARN][0m file exists MD5|SHA256 /usr/lib/dradis/ruby/2.5.0/gems/nokogumbo-2.0.1/ext/nokogumbo/tmp/x86_64-pc-linux-gnu/ports/libxml2/2.9.9/libxml2-2.9.9/ltmain.sh:
[1;31m[WARN][0m file exists MD5|SHA256 $GREP
[1;31m[WARN][0m file exists MD5|SHA256 "$magic_exe"
[1;31m[WARN][0m file exists MD5|SHA256 "$1$func_ltwrapper_exec_suffix"
[1;31m[WARN][0m file exists MD5|SHA256 >/dev/null
[1;31m[WARN][0m file exists MD5|SHA256 2>&1
[1;31m[WARN][0m file exists MD5|SHA256 /usr/lib/dradis/ruby/2.5.0/gems/ffi-1.11.1/ext/ffi_c/libffi/ltmain.sh:
[1;31m[WARN][0m file exists MD5|SHA256 $GREP
[1;31m[WARN][0m file exists MD5|SHA256 "$magic_exe"
[1;31m[WARN][0m file exists MD5|SHA256 "$1$func_ltwrapper_exec_suffix"
[1;31m[WARN][0m file exists MD5|SHA256 >/dev/null
[1;31m[WARN][0m file exists MD5|SHA256 2>&1
[1;31m[WARN][0m file exists MD5|SHA256 /var/lib/docker/aufs/diff/f4dc2283743ce90204c2f141e24abd66f959026f14fa55b72d711ae57d907981/usr/lib/dracut/modules.d/40network/net-lib.sh:
[1;31m[WARN][0m file exists MD5|SHA256 if
[1;31m[WARN][0m file exists MD5|SHA256 [
[1;31m[WARN][0m file exists MD5|SHA256 $#
[1;31m[WARN][0m file exists MD5|SHA256 -gt
[1;31m[WARN][0m file exists MD5|SHA256 3
[1;31m[WARN][0m file exists MD5|SHA256 ]
[1;31m[WARN][0m file exists MD5|SHA256 &&
[1;31m[WARN][0m file exists MD5|SHA256 [
[1;31m[WARN][0m file exists MD5|SHA256 -n
[1;31m[WARN][0m file exists MD5|SHA256 "$1$2"
[1;31m[WARN][0m file exists MD5|SHA256 ];
[1;31m[WARN][0m file exists MD5|SHA256 then
[1;31m[WARN][0m file exists MD5|SHA256 /opt/docker/docker-bench-security-master/output_lib.sh:
[1;31m[WARN][0m file exists MD5|SHA256 printf
[1;31m[WARN][0m file exists MD5|SHA256 "%b
"
[1;31m[WARN][0m file exists MD5|SHA256 "${bldylw}$1${txtrst}
"
[0m 
[1;34m[INFO][0m 1.3  是否存在敏感密码
[0m 
[1;34m[INFO][0m 2  主机端口、配置
[0m 
[1;34m[INFO][0m Total Checks:3
[1;34m[INFO][0m Warn Checks:92
[1;34m[INFO][0m Pass Checks:0
[0m Security Check 2019年 10月 14日 星期一 22:45:03 EDT

[0m 
[1;34m[INFO][0m 1  敏感词、敏感文件
[0m 
[1;34m[INFO][0m 1.1  明文存储
[1;31m[WARN][0m /usr/share/responder/certs/responder.key not encrypted!
[1;31m[WARN][0m /usr/share/metasploit-framework/vendor/bundle/ruby/2.5.0/gems/eventmachine-1.2.7/tests/client.key not encrypted!
[1;31m[WARN][0m /usr/share/doc/python3-h2/examples/twisted/server.key not encrypted!
[1;31m[WARN][0m /usr/share/doc/python3-h2/examples/asyncio/cert.key not encrypted!
[1;31m[WARN][0m /usr/share/doc/python3-h2/examples/eventlet/server.key not encrypted!
[1;31m[WARN][0m /usr/share/doc/python3-h2/examples/curio/localhost.key not encrypted!
[1;31m[WARN][0m /usr/share/doc/python3-h2/examples/tornado/server.key not encrypted!
[1;31m[WARN][0m /opt/node/lib/node_modules/pm2/node_modules/@pm2/agent/node_modules/proxy-agent/test/ssl-cert-snakeoil.key not encrypted!
[1;31m[WARN][0m /opt/node/lib/node_modules/pm2/node_modules/@pm2/agent/node_modules/proxy-agent/node_modules/http-proxy-agent/test/ssl-cert-snakeoil.key not encrypted!
[1;31m[WARN][0m /opt/node/lib/node_modules/pm2/node_modules/@pm2/agent/node_modules/proxy-agent/node_modules/pac-proxy-agent/test/ssl-cert-snakeoil.key not encrypted!
[1;31m[WARN][0m /opt/node/lib/node_modules/pm2/node_modules/@pm2/agent/node_modules/proxy-agent/node_modules/pac-proxy-agent/node_modules/get-uri/test/server.key not encrypted!
[1;31m[WARN][0m /opt/node/lib/node_modules/pm2/node_modules/@pm2/agent/node_modules/proxy-agent/node_modules/https-proxy-agent/test/ssl-cert-snakeoil.key not encrypted!
[1;31m[WARN][0m /opt/node/lib/node_modules/pm2/node_modules/@pm2/agent/node_modules/proxy-agent/node_modules/socks-proxy-agent/test/ssl-cert-snakeoil.key not encrypted!
[1;31m[WARN][0m /opt/node/lib/node_modules/pm2/node_modules/@pm2/agent/node_modules/proxy-agent/node_modules/socks-proxy-agent/node_modules/agent-base/test/ssl-cert-snakeoil.key not encrypted!
[1;31m[WARN][0m /opt/node/lib/node_modules/pm2/node_modules/@pm2/agent/node_modules/proxy-agent/node_modules/agent-base/test/ssl-cert-snakeoil.key not encrypted!
[1;31m[WARN][0m /opt/node/lib/node_modules/pm2/node_modules/@pm2/io/node_modules/@pm2/agent-node/node_modules/proxy-agent/test/ssl-cert-snakeoil.key not encrypted!
[1;31m[WARN][0m /opt/node/lib/node_modules/pm2/node_modules/@pm2/io/node_modules/@pm2/agent-node/node_modules/proxy-agent/node_modules/http-proxy-agent/test/ssl-cert-snakeoil.key not encrypted!
[1;31m[WARN][0m /opt/node/lib/node_modules/pm2/node_modules/@pm2/io/node_modules/@pm2/agent-node/node_modules/proxy-agent/node_modules/pac-proxy-agent/test/ssl-cert-snakeoil.key not encrypted!
[1;31m[WARN][0m /opt/node/lib/node_modules/pm2/node_modules/@pm2/io/node_modules/@pm2/agent-node/node_modules/proxy-agent/node_modules/pac-proxy-agent/node_modules/get-uri/test/server.key not encrypted!
[1;31m[WARN][0m /opt/node/lib/node_modules/pm2/node_modules/@pm2/io/node_modules/@pm2/agent-node/node_modules/proxy-agent/node_modules/https-proxy-agent/test/ssl-cert-snakeoil.key not encrypted!
[1;31m[WARN][0m /opt/node/lib/node_modules/pm2/node_modules/@pm2/io/node_modules/@pm2/agent-node/node_modules/proxy-agent/node_modules/socks-proxy-agent/test/ssl-cert-snakeoil.key not encrypted!
[1;31m[WARN][0m /opt/node/lib/node_modules/pm2/node_modules/@pm2/io/node_modules/@pm2/agent-node/node_modules/proxy-agent/node_modules/socks-proxy-agent/node_modules/agent-base/test/ssl-cert-snakeoil.key not encrypted!
[1;31m[WARN][0m /opt/node/lib/node_modules/pm2/node_modules/@pm2/io/node_modules/@pm2/agent-node/node_modules/proxy-agent/node_modules/agent-base/test/ssl-cert-snakeoil.key not encrypted!
[1;31m[WARN][0m /root/Downloads/webssh-master/tests/data/test_rsa.key not encrypted!
[1;31m[WARN][0m /root/Downloads/webssh-master/tests/data/test_rsa.log not encrypted!
[0m 
[1;34m[INFO][0m 1.2  /etc/shadow 是否存在MD5|SHA256
[1;31m[WARN][0m file exists MD5|SHA256 /usr/share/os-prober/common.sh:
[1;31m[WARN][0m file exists MD5|SHA256 ls
[1;31m[WARN][0m file exists MD5|SHA256 -1
[1;31m[WARN][0m file exists MD5|SHA256 "$2"
[1;31m[WARN][0m file exists MD5|SHA256 |
[1;31m[WARN][0m file exists MD5|SHA256 grep
[1;31m[WARN][0m file exists MD5|SHA256 $q
[1;31m[WARN][0m file exists MD5|SHA256 -i
[1;31m[WARN][0m file exists MD5|SHA256 "^$1$"
[1;31m[WARN][0m file exists MD5|SHA256 /usr/share/exploitdb/exploits/cgi/remote/20465.sh:lynx
[1;31m[WARN][0m file exists MD5|SHA256 -dump
[1;31m[WARN][0m file exists MD5|SHA256 http://$1$ONE$2$TWO$PORT$THREE
[1;31m[WARN][0m file exists MD5|SHA256 >
[1;31m[WARN][0m file exists MD5|SHA256 from_$1_to_$2/$PORT.log
[1;31m[WARN][0m file exists MD5|SHA256 2>&1
[1;31m[WARN][0m file exists MD5|SHA256 /usr/share/exploitdb/exploits/hardware/remote/40734.sh:#
[1;31m[WARN][0m file exists MD5|SHA256 #root:$1$BOYmzSKq$ePjEPSpkQGeBcZjlEeLqI.:13796:0:99999:7:::
[1;31m[WARN][0m file exists MD5|SHA256 /usr/share/exploitdb/exploits/hardware/remote/40734.sh:#
[1;31m[WARN][0m file exists MD5|SHA256 root:$1$BOYmzSKq$ePjEPSpkQGeBcZjlEeLqI.:13796:0:99999:7:::
[1;31m[WARN][0m file exists MD5|SHA256 /usr/share/exploitdb/exploits/hardware/remote/40734.sh:#
[1;31m[WARN][0m file exists MD5|SHA256 #tw:$1$zxEm2v6Q$qEbPfojsrrE/YkzqRm7qV/:13796:0:99999:7:::
[1;31m[WARN][0m file exists MD5|SHA256 /usr/share/exploitdb/exploits/hardware/remote/40738.sh:#
[1;31m[WARN][0m file exists MD5|SHA256 #root:$1$BOYmzSKq$ePjEPSpkQGeBcZjlEeLqI.:13796:0:99999:7:::
[1;31m[WARN][0m file exists MD5|SHA256 /usr/share/exploitdb/exploits/hardware/remote/40738.sh:#
[1;31m[WARN][0m file exists MD5|SHA256 root:$1$BOYmzSKq$ePjEPSpkQGeBcZjlEeLqI.:13796:0:99999:7:::
[1;31m[WARN][0m file exists MD5|SHA256 /usr/share/exploitdb/exploits/hardware/remote/40738.sh:#
[1;31m[WARN][0m file exists MD5|SHA256 #tw:$1$zxEm2v6Q$qEbPfojsrrE/YkzqRm7qV/:13796:0:99999:7:::
[1;31m[WARN][0m file exists MD5|SHA256 /usr/share/exploitdb/exploits/hardware/remote/40737.sh:#
[1;31m[WARN][0m file exists MD5|SHA256 #root:$1$BOYmzSKq$ePjEPSpkQGeBcZjlEeLqI.:13796:0:99999:7:::
[1;31m[WARN][0m file exists MD5|SHA256 /usr/share/exploitdb/exploits/hardware/remote/40737.sh:#
[1;31m[WARN][0m file exists MD5|SHA256 root:$1$BOYmzSKq$ePjEPSpkQGeBcZjlEeLqI.:13796:0:99999:7:::
[1;31m[WARN][0m file exists MD5|SHA256 /usr/share/exploitdb/exploits/hardware/remote/40737.sh:#
[1;31m[WARN][0m file exists MD5|SHA256 #tw:$1$zxEm2v6Q$qEbPfojsrrE/YkzqRm7qV/:13796:0:99999:7:::
[1;31m[WARN][0m file exists MD5|SHA256 /usr/share/exploitdb/exploits/multiple/remote/22251.sh:
[1;31m[WARN][0m file exists MD5|SHA256 $_PRINTCMD
[1;31m[WARN][0m file exists MD5|SHA256 $1$_SYSV
[1;31m[WARN][0m file exists MD5|SHA256 /usr/share/exploitdb/exploits/linux/local/14339.sh:S='toor:$6$tPuRrLW7$m0BvNoYS9FEF9/Lzv6PQospujOKt0giv.7JNGrCbWC1XdhmlbnTWLKyzHz.VZwCcEcYQU5q2DLX.cI7NQtsNz1:14798:0:99999:7:::'
[1;31m[WARN][0m file exists MD5|SHA256 /usr/lib/dradis/ruby/2.5.0/gems/nokogumbo-2.0.1/ext/nokogumbo/tmp/x86_64-pc-linux-gnu/ports/libxml2/2.9.9/libxml2-2.9.9/ltmain.sh:
[1;31m[WARN][0m file exists MD5|SHA256 $GREP
[1;31m[WARN][0m file exists MD5|SHA256 "$magic_exe"
[1;31m[WARN][0m file exists MD5|SHA256 "$1$func_ltwrapper_exec_suffix"
[1;31m[WARN][0m file exists MD5|SHA256 >/dev/null
[1;31m[WARN][0m file exists MD5|SHA256 2>&1
[1;31m[WARN][0m file exists MD5|SHA256 /usr/lib/dradis/ruby/2.5.0/gems/ffi-1.11.1/ext/ffi_c/libffi/ltmain.sh:
[1;31m[WARN][0m file exists MD5|SHA256 $GREP
[1;31m[WARN][0m file exists MD5|SHA256 "$magic_exe"
[1;31m[WARN][0m file exists MD5|SHA256 "$1$func_ltwrapper_exec_suffix"
[1;31m[WARN][0m file exists MD5|SHA256 >/dev/null
[1;31m[WARN][0m file exists MD5|SHA256 2>&1
[1;31m[WARN][0m file exists MD5|SHA256 /var/lib/docker/aufs/diff/f4dc2283743ce90204c2f141e24abd66f959026f14fa55b72d711ae57d907981/usr/lib/dracut/modules.d/40network/net-lib.sh:
[1;31m[WARN][0m file exists MD5|SHA256 if
[1;31m[WARN][0m file exists MD5|SHA256 [
[1;31m[WARN][0m file exists MD5|SHA256 $#
[1;31m[WARN][0m file exists MD5|SHA256 -gt
[1;31m[WARN][0m file exists MD5|SHA256 3
[1;31m[WARN][0m file exists MD5|SHA256 ]
[1;31m[WARN][0m file exists MD5|SHA256 &&
[1;31m[WARN][0m file exists MD5|SHA256 [
[1;31m[WARN][0m file exists MD5|SHA256 -n
[1;31m[WARN][0m file exists MD5|SHA256 "$1$2"
[1;31m[WARN][0m file exists MD5|SHA256 ];
[1;31m[WARN][0m file exists MD5|SHA256 then
[1;31m[WARN][0m file exists MD5|SHA256 /opt/docker/docker-bench-security-master/output_lib.sh:
[1;31m[WARN][0m file exists MD5|SHA256 printf
[1;31m[WARN][0m file exists MD5|SHA256 "%b
"
[1;31m[WARN][0m file exists MD5|SHA256 "${bldylw}$1${txtrst}
"
[0m 
[1;34m[INFO][0m 1.3  是否存在敏感密码
[0m 
[1;34m[INFO][0m 2  主机端口、配置
[0m 
[1;34m[INFO][0m Total Checks:3
[1;34m[INFO][0m Warn Checks:92
[1;34m[INFO][0m Pass Checks:0
[0m Security Check 2019年 10月 14日 星期一 22:46:04 EDT

[0m 
[1;34m[INFO][0m 1  敏感词、敏感文件
[0m 
[1;34m[INFO][0m 1.1  明文存储
[1;31m[WARN][0m /usr/share/responder/certs/responder.key not encrypted!
[1;31m[WARN][0m /usr/share/metasploit-framework/vendor/bundle/ruby/2.5.0/gems/eventmachine-1.2.7/tests/client.key not encrypted!
[1;31m[WARN][0m /usr/share/doc/python3-h2/examples/twisted/server.key not encrypted!
[1;31m[WARN][0m /usr/share/doc/python3-h2/examples/asyncio/cert.key not encrypted!
[1;31m[WARN][0m /usr/share/doc/python3-h2/examples/eventlet/server.key not encrypted!
[1;31m[WARN][0m /usr/share/doc/python3-h2/examples/curio/localhost.key not encrypted!
[1;31m[WARN][0m /usr/share/doc/python3-h2/examples/tornado/server.key not encrypted!
[1;31m[WARN][0m /opt/node/lib/node_modules/pm2/node_modules/@pm2/agent/node_modules/proxy-agent/test/ssl-cert-snakeoil.key not encrypted!
[1;31m[WARN][0m /opt/node/lib/node_modules/pm2/node_modules/@pm2/agent/node_modules/proxy-agent/node_modules/http-proxy-agent/test/ssl-cert-snakeoil.key not encrypted!
[1;31m[WARN][0m /opt/node/lib/node_modules/pm2/node_modules/@pm2/agent/node_modules/proxy-agent/node_modules/pac-proxy-agent/test/ssl-cert-snakeoil.key not encrypted!
[1;31m[WARN][0m /opt/node/lib/node_modules/pm2/node_modules/@pm2/agent/node_modules/proxy-agent/node_modules/pac-proxy-agent/node_modules/get-uri/test/server.key not encrypted!
[1;31m[WARN][0m /opt/node/lib/node_modules/pm2/node_modules/@pm2/agent/node_modules/proxy-agent/node_modules/https-proxy-agent/test/ssl-cert-snakeoil.key not encrypted!
[1;31m[WARN][0m /opt/node/lib/node_modules/pm2/node_modules/@pm2/agent/node_modules/proxy-agent/node_modules/socks-proxy-agent/test/ssl-cert-snakeoil.key not encrypted!
[1;31m[WARN][0m /opt/node/lib/node_modules/pm2/node_modules/@pm2/agent/node_modules/proxy-agent/node_modules/socks-proxy-agent/node_modules/agent-base/test/ssl-cert-snakeoil.key not encrypted!
[1;31m[WARN][0m /opt/node/lib/node_modules/pm2/node_modules/@pm2/agent/node_modules/proxy-agent/node_modules/agent-base/test/ssl-cert-snakeoil.key not encrypted!
[1;31m[WARN][0m /opt/node/lib/node_modules/pm2/node_modules/@pm2/io/node_modules/@pm2/agent-node/node_modules/proxy-agent/test/ssl-cert-snakeoil.key not encrypted!
[1;31m[WARN][0m /opt/node/lib/node_modules/pm2/node_modules/@pm2/io/node_modules/@pm2/agent-node/node_modules/proxy-agent/node_modules/http-proxy-agent/test/ssl-cert-snakeoil.key not encrypted!
[1;31m[WARN][0m /opt/node/lib/node_modules/pm2/node_modules/@pm2/io/node_modules/@pm2/agent-node/node_modules/proxy-agent/node_modules/pac-proxy-agent/test/ssl-cert-snakeoil.key not encrypted!
[1;31m[WARN][0m /opt/node/lib/node_modules/pm2/node_modules/@pm2/io/node_modules/@pm2/agent-node/node_modules/proxy-agent/node_modules/pac-proxy-agent/node_modules/get-uri/test/server.key not encrypted!
[1;31m[WARN][0m /opt/node/lib/node_modules/pm2/node_modules/@pm2/io/node_modules/@pm2/agent-node/node_modules/proxy-agent/node_modules/https-proxy-agent/test/ssl-cert-snakeoil.key not encrypted!
[1;31m[WARN][0m /opt/node/lib/node_modules/pm2/node_modules/@pm2/io/node_modules/@pm2/agent-node/node_modules/proxy-agent/node_modules/socks-proxy-agent/test/ssl-cert-snakeoil.key not encrypted!
[1;31m[WARN][0m /opt/node/lib/node_modules/pm2/node_modules/@pm2/io/node_modules/@pm2/agent-node/node_modules/proxy-agent/node_modules/socks-proxy-agent/node_modules/agent-base/test/ssl-cert-snakeoil.key not encrypted!
[1;31m[WARN][0m /opt/node/lib/node_modules/pm2/node_modules/@pm2/io/node_modules/@pm2/agent-node/node_modules/proxy-agent/node_modules/agent-base/test/ssl-cert-snakeoil.key not encrypted!
[1;31m[WARN][0m /root/Downloads/webssh-master/tests/data/test_rsa.key not encrypted!
[1;31m[WARN][0m /root/Downloads/webssh-master/tests/data/test_rsa.log not encrypted!
[0m 
[1;34m[INFO][0m 1.2  /etc/shadow 是否存在MD5|SHA256
[0m 
[1;34m[INFO][0m 1.3  是否存在敏感密码
[0m 
[1;34m[INFO][0m 2  主机端口、配置
[0m 
[1;34m[INFO][0m Total Checks:3
[1;34m[INFO][0m Warn Checks:26
[1;34m[INFO][0m Pass Checks:0
[0m Security Check 2019年 10月 14日 星期一 23:38:08 EDT

[0m 
[1;34m[INFO][0m 1  敏感词、敏感文件
[0m 
[1;34m[INFO][0m 1.1  明文存储
[1;31m[WARN][0m /usr/share/responder/certs/responder.key not encrypted!
[1;31m[WARN][0m /usr/share/metasploit-framework/vendor/bundle/ruby/2.5.0/gems/eventmachine-1.2.7/tests/client.key not encrypted!
[1;31m[WARN][0m /usr/share/doc/python3-h2/examples/twisted/server.key not encrypted!
[1;31m[WARN][0m /usr/share/doc/python3-h2/examples/asyncio/cert.key not encrypted!
[1;31m[WARN][0m /usr/share/doc/python3-h2/examples/eventlet/server.key not encrypted!
[1;31m[WARN][0m /usr/share/doc/python3-h2/examples/curio/localhost.key not encrypted!
[1;31m[WARN][0m /usr/share/doc/python3-h2/examples/tornado/server.key not encrypted!
[1;31m[WARN][0m /opt/node/lib/node_modules/pm2/node_modules/@pm2/agent/node_modules/proxy-agent/test/ssl-cert-snakeoil.key not encrypted!
[1;31m[WARN][0m /opt/node/lib/node_modules/pm2/node_modules/@pm2/agent/node_modules/proxy-agent/node_modules/http-proxy-agent/test/ssl-cert-snakeoil.key not encrypted!
[1;31m[WARN][0m /opt/node/lib/node_modules/pm2/node_modules/@pm2/agent/node_modules/proxy-agent/node_modules/pac-proxy-agent/test/ssl-cert-snakeoil.key not encrypted!
[1;31m[WARN][0m /opt/node/lib/node_modules/pm2/node_modules/@pm2/agent/node_modules/proxy-agent/node_modules/pac-proxy-agent/node_modules/get-uri/test/server.key not encrypted!
[1;31m[WARN][0m /opt/node/lib/node_modules/pm2/node_modules/@pm2/agent/node_modules/proxy-agent/node_modules/https-proxy-agent/test/ssl-cert-snakeoil.key not encrypted!
[1;31m[WARN][0m /opt/node/lib/node_modules/pm2/node_modules/@pm2/agent/node_modules/proxy-agent/node_modules/socks-proxy-agent/test/ssl-cert-snakeoil.key not encrypted!
[1;31m[WARN][0m /opt/node/lib/node_modules/pm2/node_modules/@pm2/agent/node_modules/proxy-agent/node_modules/socks-proxy-agent/node_modules/agent-base/test/ssl-cert-snakeoil.key not encrypted!
[1;31m[WARN][0m /opt/node/lib/node_modules/pm2/node_modules/@pm2/agent/node_modules/proxy-agent/node_modules/agent-base/test/ssl-cert-snakeoil.key not encrypted!
[1;31m[WARN][0m /opt/node/lib/node_modules/pm2/node_modules/@pm2/io/node_modules/@pm2/agent-node/node_modules/proxy-agent/test/ssl-cert-snakeoil.key not encrypted!
[1;31m[WARN][0m /opt/node/lib/node_modules/pm2/node_modules/@pm2/io/node_modules/@pm2/agent-node/node_modules/proxy-agent/node_modules/http-proxy-agent/test/ssl-cert-snakeoil.key not encrypted!
[1;31m[WARN][0m /opt/node/lib/node_modules/pm2/node_modules/@pm2/io/node_modules/@pm2/agent-node/node_modules/proxy-agent/node_modules/pac-proxy-agent/test/ssl-cert-snakeoil.key not encrypted!
[1;31m[WARN][0m /opt/node/lib/node_modules/pm2/node_modules/@pm2/io/node_modules/@pm2/agent-node/node_modules/proxy-agent/node_modules/pac-proxy-agent/node_modules/get-uri/test/server.key not encrypted!
[1;31m[WARN][0m /opt/node/lib/node_modules/pm2/node_modules/@pm2/io/node_modules/@pm2/agent-node/node_modules/proxy-agent/node_modules/https-proxy-agent/test/ssl-cert-snakeoil.key not encrypted!
[1;31m[WARN][0m /opt/node/lib/node_modules/pm2/node_modules/@pm2/io/node_modules/@pm2/agent-node/node_modules/proxy-agent/node_modules/socks-proxy-agent/test/ssl-cert-snakeoil.key not encrypted!
[1;31m[WARN][0m /opt/node/lib/node_modules/pm2/node_modules/@pm2/io/node_modules/@pm2/agent-node/node_modules/proxy-agent/node_modules/socks-proxy-agent/node_modules/agent-base/test/ssl-cert-snakeoil.key not encrypted!
[1;31m[WARN][0m /opt/node/lib/node_modules/pm2/node_modules/@pm2/io/node_modules/@pm2/agent-node/node_modules/proxy-agent/node_modules/agent-base/test/ssl-cert-snakeoil.key not encrypted!
[1;31m[WARN][0m /root/Downloads/webssh-master/tests/data/test_rsa.key not encrypted!
[1;31m[WARN][0m /root/Downloads/webssh-master/tests/data/test_rsa.log not encrypted!
[0m 
[1;34m[INFO][0m 1.2  /etc/shadow 是否存在MD5|SHA256
[0m 
[1;34m[INFO][0m 1.3  是否存在敏感密码
[0m 
[1;34m[INFO][0m 2  主机端口、配置
[0m 
[0m 
[0m Security Check 2019年 10月 14日 星期一 23:41:17 EDT

[0m 
[1;34m[INFO][0m 1  敏感词、敏感文件
[0m 
[1;34m[INFO][0m 1.1  明文存储
[1;31m[WARN][0m /usr/share/responder/certs/responder.key not encrypted!
[1;31m[WARN][0m /usr/share/metasploit-framework/vendor/bundle/ruby/2.5.0/gems/eventmachine-1.2.7/tests/client.key not encrypted!
[1;31m[WARN][0m /usr/share/doc/python3-h2/examples/twisted/server.key not encrypted!
[1;31m[WARN][0m /usr/share/doc/python3-h2/examples/asyncio/cert.key not encrypted!
[1;31m[WARN][0m /usr/share/doc/python3-h2/examples/eventlet/server.key not encrypted!
[1;31m[WARN][0m /usr/share/doc/python3-h2/examples/curio/localhost.key not encrypted!
[1;31m[WARN][0m /usr/share/doc/python3-h2/examples/tornado/server.key not encrypted!
[1;31m[WARN][0m /opt/node/lib/node_modules/pm2/node_modules/@pm2/agent/node_modules/proxy-agent/test/ssl-cert-snakeoil.key not encrypted!
[1;31m[WARN][0m /opt/node/lib/node_modules/pm2/node_modules/@pm2/agent/node_modules/proxy-agent/node_modules/http-proxy-agent/test/ssl-cert-snakeoil.key not encrypted!
[1;31m[WARN][0m /opt/node/lib/node_modules/pm2/node_modules/@pm2/agent/node_modules/proxy-agent/node_modules/pac-proxy-agent/test/ssl-cert-snakeoil.key not encrypted!
[1;31m[WARN][0m /opt/node/lib/node_modules/pm2/node_modules/@pm2/agent/node_modules/proxy-agent/node_modules/pac-proxy-agent/node_modules/get-uri/test/server.key not encrypted!
[1;31m[WARN][0m /opt/node/lib/node_modules/pm2/node_modules/@pm2/agent/node_modules/proxy-agent/node_modules/https-proxy-agent/test/ssl-cert-snakeoil.key not encrypted!
[1;31m[WARN][0m /opt/node/lib/node_modules/pm2/node_modules/@pm2/agent/node_modules/proxy-agent/node_modules/socks-proxy-agent/test/ssl-cert-snakeoil.key not encrypted!
[1;31m[WARN][0m /opt/node/lib/node_modules/pm2/node_modules/@pm2/agent/node_modules/proxy-agent/node_modules/socks-proxy-agent/node_modules/agent-base/test/ssl-cert-snakeoil.key not encrypted!
[1;31m[WARN][0m /opt/node/lib/node_modules/pm2/node_modules/@pm2/agent/node_modules/proxy-agent/node_modules/agent-base/test/ssl-cert-snakeoil.key not encrypted!
[1;31m[WARN][0m /opt/node/lib/node_modules/pm2/node_modules/@pm2/io/node_modules/@pm2/agent-node/node_modules/proxy-agent/test/ssl-cert-snakeoil.key not encrypted!
[1;31m[WARN][0m /opt/node/lib/node_modules/pm2/node_modules/@pm2/io/node_modules/@pm2/agent-node/node_modules/proxy-agent/node_modules/http-proxy-agent/test/ssl-cert-snakeoil.key not encrypted!
[1;31m[WARN][0m /opt/node/lib/node_modules/pm2/node_modules/@pm2/io/node_modules/@pm2/agent-node/node_modules/proxy-agent/node_modules/pac-proxy-agent/test/ssl-cert-snakeoil.key not encrypted!
[1;31m[WARN][0m /opt/node/lib/node_modules/pm2/node_modules/@pm2/io/node_modules/@pm2/agent-node/node_modules/proxy-agent/node_modules/pac-proxy-agent/node_modules/get-uri/test/server.key not encrypted!
[1;31m[WARN][0m /opt/node/lib/node_modules/pm2/node_modules/@pm2/io/node_modules/@pm2/agent-node/node_modules/proxy-agent/node_modules/https-proxy-agent/test/ssl-cert-snakeoil.key not encrypted!
[1;31m[WARN][0m /opt/node/lib/node_modules/pm2/node_modules/@pm2/io/node_modules/@pm2/agent-node/node_modules/proxy-agent/node_modules/socks-proxy-agent/test/ssl-cert-snakeoil.key not encrypted!
[1;31m[WARN][0m /opt/node/lib/node_modules/pm2/node_modules/@pm2/io/node_modules/@pm2/agent-node/node_modules/proxy-agent/node_modules/socks-proxy-agent/node_modules/agent-base/test/ssl-cert-snakeoil.key not encrypted!
[1;31m[WARN][0m /opt/node/lib/node_modules/pm2/node_modules/@pm2/io/node_modules/@pm2/agent-node/node_modules/proxy-agent/node_modules/agent-base/test/ssl-cert-snakeoil.key not encrypted!
[1;31m[WARN][0m /root/Downloads/webssh-master/tests/data/test_rsa.key not encrypted!
[1;31m[WARN][0m /root/Downloads/webssh-master/tests/data/test_rsa.log not encrypted!
[0m 
[1;34m[INFO][0m 1.2  /etc/shadow 是否存在MD5|SHA256
[0m 
[1;34m[INFO][0m 1.3  是否存在敏感密码
[0m 
[1;34m[INFO][0m 2  主机端口、配置
[0m 
[1;34m[INFO][0m 2.1 全网监听
[0m 
[1;34m[INFO][0m 2.2 禁止含有UID为0的非root账号
[0m Security Check 2019年 10月 14日 星期一 23:42:44 EDT

[0m 
[1;34m[INFO][0m 1  敏感词、敏感文件
[0m 
[1;34m[INFO][0m 1.1  明文存储
[1;31m[WARN][0m /usr/share/responder/certs/responder.key not encrypted!
[1;31m[WARN][0m /usr/share/metasploit-framework/vendor/bundle/ruby/2.5.0/gems/eventmachine-1.2.7/tests/client.key not encrypted!
[1;31m[WARN][0m /usr/share/doc/python3-h2/examples/twisted/server.key not encrypted!
[1;31m[WARN][0m /usr/share/doc/python3-h2/examples/asyncio/cert.key not encrypted!
[1;31m[WARN][0m /usr/share/doc/python3-h2/examples/eventlet/server.key not encrypted!
[1;31m[WARN][0m /usr/share/doc/python3-h2/examples/curio/localhost.key not encrypted!
[1;31m[WARN][0m /usr/share/doc/python3-h2/examples/tornado/server.key not encrypted!
[1;31m[WARN][0m /opt/node/lib/node_modules/pm2/node_modules/@pm2/agent/node_modules/proxy-agent/test/ssl-cert-snakeoil.key not encrypted!
[1;31m[WARN][0m /opt/node/lib/node_modules/pm2/node_modules/@pm2/agent/node_modules/proxy-agent/node_modules/http-proxy-agent/test/ssl-cert-snakeoil.key not encrypted!
[1;31m[WARN][0m /opt/node/lib/node_modules/pm2/node_modules/@pm2/agent/node_modules/proxy-agent/node_modules/pac-proxy-agent/test/ssl-cert-snakeoil.key not encrypted!
[1;31m[WARN][0m /opt/node/lib/node_modules/pm2/node_modules/@pm2/agent/node_modules/proxy-agent/node_modules/pac-proxy-agent/node_modules/get-uri/test/server.key not encrypted!
[1;31m[WARN][0m /opt/node/lib/node_modules/pm2/node_modules/@pm2/agent/node_modules/proxy-agent/node_modules/https-proxy-agent/test/ssl-cert-snakeoil.key not encrypted!
[1;31m[WARN][0m /opt/node/lib/node_modules/pm2/node_modules/@pm2/agent/node_modules/proxy-agent/node_modules/socks-proxy-agent/test/ssl-cert-snakeoil.key not encrypted!
[1;31m[WARN][0m /opt/node/lib/node_modules/pm2/node_modules/@pm2/agent/node_modules/proxy-agent/node_modules/socks-proxy-agent/node_modules/agent-base/test/ssl-cert-snakeoil.key not encrypted!
[1;31m[WARN][0m /opt/node/lib/node_modules/pm2/node_modules/@pm2/agent/node_modules/proxy-agent/node_modules/agent-base/test/ssl-cert-snakeoil.key not encrypted!
[1;31m[WARN][0m /opt/node/lib/node_modules/pm2/node_modules/@pm2/io/node_modules/@pm2/agent-node/node_modules/proxy-agent/test/ssl-cert-snakeoil.key not encrypted!
[1;31m[WARN][0m /opt/node/lib/node_modules/pm2/node_modules/@pm2/io/node_modules/@pm2/agent-node/node_modules/proxy-agent/node_modules/http-proxy-agent/test/ssl-cert-snakeoil.key not encrypted!
[1;31m[WARN][0m /opt/node/lib/node_modules/pm2/node_modules/@pm2/io/node_modules/@pm2/agent-node/node_modules/proxy-agent/node_modules/pac-proxy-agent/test/ssl-cert-snakeoil.key not encrypted!
[1;31m[WARN][0m /opt/node/lib/node_modules/pm2/node_modules/@pm2/io/node_modules/@pm2/agent-node/node_modules/proxy-agent/node_modules/pac-proxy-agent/node_modules/get-uri/test/server.key not encrypted!
[1;31m[WARN][0m /opt/node/lib/node_modules/pm2/node_modules/@pm2/io/node_modules/@pm2/agent-node/node_modules/proxy-agent/node_modules/https-proxy-agent/test/ssl-cert-snakeoil.key not encrypted!
[1;31m[WARN][0m /opt/node/lib/node_modules/pm2/node_modules/@pm2/io/node_modules/@pm2/agent-node/node_modules/proxy-agent/node_modules/socks-proxy-agent/test/ssl-cert-snakeoil.key not encrypted!
[1;31m[WARN][0m /opt/node/lib/node_modules/pm2/node_modules/@pm2/io/node_modules/@pm2/agent-node/node_modules/proxy-agent/node_modules/socks-proxy-agent/node_modules/agent-base/test/ssl-cert-snakeoil.key not encrypted!
[1;31m[WARN][0m /opt/node/lib/node_modules/pm2/node_modules/@pm2/io/node_modules/@pm2/agent-node/node_modules/proxy-agent/node_modules/agent-base/test/ssl-cert-snakeoil.key not encrypted!
[1;31m[WARN][0m /root/Downloads/webssh-master/tests/data/test_rsa.key not encrypted!
[1;31m[WARN][0m /root/Downloads/webssh-master/tests/data/test_rsa.log not encrypted!
[0m 
[1;34m[INFO][0m 1.2  /etc/shadow 是否存在MD5|SHA256
[0m 
[1;34m[INFO][0m 1.3  是否存在敏感密码
[0m 
[1;34m[INFO][0m 2  主机端口、配置
[0m 
[1;34m[INFO][0m 2.1 全网监听
[0m 
[1;34m[INFO][0m 2.2 禁止含有UID为0的非root账号
[1;31m[WARN][0m UID为0非root账号： buglab:x:0:0:,,,:/home/buglab:/bin/bash
[1;34m[INFO][0m Total Checks:4
[1;34m[INFO][0m Warn Checks:27
[1;34m[INFO][0m Pass Checks:0
[0m Security Check 2019年 10月 14日 星期一 23:43:01 EDT

[0m 
[1;34m[INFO][0m 1  敏感词、敏感文件
[0m 
[1;34m[INFO][0m 1.1  明文存储
[1;31m[WARN][0m /usr/share/responder/certs/responder.key not encrypted!
[1;31m[WARN][0m /usr/share/metasploit-framework/vendor/bundle/ruby/2.5.0/gems/eventmachine-1.2.7/tests/client.key not encrypted!
[1;31m[WARN][0m /usr/share/doc/python3-h2/examples/twisted/server.key not encrypted!
[1;31m[WARN][0m /usr/share/doc/python3-h2/examples/asyncio/cert.key not encrypted!
[1;31m[WARN][0m /usr/share/doc/python3-h2/examples/eventlet/server.key not encrypted!
[1;31m[WARN][0m /usr/share/doc/python3-h2/examples/curio/localhost.key not encrypted!
[1;31m[WARN][0m /usr/share/doc/python3-h2/examples/tornado/server.key not encrypted!
[1;31m[WARN][0m /opt/node/lib/node_modules/pm2/node_modules/@pm2/agent/node_modules/proxy-agent/test/ssl-cert-snakeoil.key not encrypted!
[1;31m[WARN][0m /opt/node/lib/node_modules/pm2/node_modules/@pm2/agent/node_modules/proxy-agent/node_modules/http-proxy-agent/test/ssl-cert-snakeoil.key not encrypted!
[1;31m[WARN][0m /opt/node/lib/node_modules/pm2/node_modules/@pm2/agent/node_modules/proxy-agent/node_modules/pac-proxy-agent/test/ssl-cert-snakeoil.key not encrypted!
[1;31m[WARN][0m /opt/node/lib/node_modules/pm2/node_modules/@pm2/agent/node_modules/proxy-agent/node_modules/pac-proxy-agent/node_modules/get-uri/test/server.key not encrypted!
[1;31m[WARN][0m /opt/node/lib/node_modules/pm2/node_modules/@pm2/agent/node_modules/proxy-agent/node_modules/https-proxy-agent/test/ssl-cert-snakeoil.key not encrypted!
[1;31m[WARN][0m /opt/node/lib/node_modules/pm2/node_modules/@pm2/agent/node_modules/proxy-agent/node_modules/socks-proxy-agent/test/ssl-cert-snakeoil.key not encrypted!
[1;31m[WARN][0m /opt/node/lib/node_modules/pm2/node_modules/@pm2/agent/node_modules/proxy-agent/node_modules/socks-proxy-agent/node_modules/agent-base/test/ssl-cert-snakeoil.key not encrypted!
[1;31m[WARN][0m /opt/node/lib/node_modules/pm2/node_modules/@pm2/agent/node_modules/proxy-agent/node_modules/agent-base/test/ssl-cert-snakeoil.key not encrypted!
[1;31m[WARN][0m /opt/node/lib/node_modules/pm2/node_modules/@pm2/io/node_modules/@pm2/agent-node/node_modules/proxy-agent/test/ssl-cert-snakeoil.key not encrypted!
[1;31m[WARN][0m /opt/node/lib/node_modules/pm2/node_modules/@pm2/io/node_modules/@pm2/agent-node/node_modules/proxy-agent/node_modules/http-proxy-agent/test/ssl-cert-snakeoil.key not encrypted!
[1;31m[WARN][0m /opt/node/lib/node_modules/pm2/node_modules/@pm2/io/node_modules/@pm2/agent-node/node_modules/proxy-agent/node_modules/pac-proxy-agent/test/ssl-cert-snakeoil.key not encrypted!
[1;31m[WARN][0m /opt/node/lib/node_modules/pm2/node_modules/@pm2/io/node_modules/@pm2/agent-node/node_modules/proxy-agent/node_modules/pac-proxy-agent/node_modules/get-uri/test/server.key not encrypted!
[1;31m[WARN][0m /opt/node/lib/node_modules/pm2/node_modules/@pm2/io/node_modules/@pm2/agent-node/node_modules/proxy-agent/node_modules/https-proxy-agent/test/ssl-cert-snakeoil.key not encrypted!
[1;31m[WARN][0m /opt/node/lib/node_modules/pm2/node_modules/@pm2/io/node_modules/@pm2/agent-node/node_modules/proxy-agent/node_modules/socks-proxy-agent/test/ssl-cert-snakeoil.key not encrypted!
[1;31m[WARN][0m /opt/node/lib/node_modules/pm2/node_modules/@pm2/io/node_modules/@pm2/agent-node/node_modules/proxy-agent/node_modules/socks-proxy-agent/node_modules/agent-base/test/ssl-cert-snakeoil.key not encrypted!
[1;31m[WARN][0m /opt/node/lib/node_modules/pm2/node_modules/@pm2/io/node_modules/@pm2/agent-node/node_modules/proxy-agent/node_modules/agent-base/test/ssl-cert-snakeoil.key not encrypted!
[1;31m[WARN][0m /root/Downloads/webssh-master/tests/data/test_rsa.key not encrypted!
[1;31m[WARN][0m /root/Downloads/webssh-master/tests/data/test_rsa.log not encrypted!
[0m 
[1;34m[INFO][0m 1.2  /etc/shadow 是否存在MD5|SHA256
[0m 
[1;34m[INFO][0m 1.3  是否存在敏感密码
[0m 
[1;34m[INFO][0m 2  主机端口、配置
[0m 
[1;34m[INFO][0m 2.1 全网监听
[0m 
[1;34m[INFO][0m 2.2 禁止含有UID为0的非root账号
[1;31m[WARN][0m UID为0非root账号： buglab:x:0:0:,,,:/home/buglab:/bin/bash
[1;34m[INFO][0m Total Checks:4
[1;34m[INFO][0m Warn Checks:27
[1;34m[INFO][0m Pass Checks:0
